<?xml version="1.0" encoding="UTF-8"?>
<testsuite name="com.kodilla.hibernate.task.dao.TaskDaoTestSuite" tests="2" skipped="0" failures="0" errors="0" timestamp="2021-06-25T22:09:00" hostname="DESKTOP-I1NTMC4" time="0.236">
  <properties/>
  <testcase name="testTaskDaoFindByDuration()" classname="com.kodilla.hibernate.task.dao.TaskDaoTestSuite" time="0.21"/>
  <testcase name="testTaskDaoSave()" classname="com.kodilla.hibernate.task.dao.TaskDaoTestSuite" time="0.025"/>
  <system-out><![CDATA[2021-06-26 00:09:00.404  INFO 544 --- [    Test worker] .b.t.c.SpringBootTestContextBootstrapper : Neither @ContextConfiguration nor @ContextHierarchy found for test class [com.kodilla.hibernate.task.dao.TaskDaoTestSuite], using SpringBootContextLoader
2021-06-26 00:09:00.405  INFO 544 --- [    Test worker] o.s.t.c.support.AbstractContextLoader    : Could not detect default resource locations for test class [com.kodilla.hibernate.task.dao.TaskDaoTestSuite]: no resource found for suffixes {-context.xml, Context.groovy}.
2021-06-26 00:09:00.406  INFO 544 --- [    Test worker] t.c.s.AnnotationConfigContextLoaderUtils : Could not detect default configuration classes for test class [com.kodilla.hibernate.task.dao.TaskDaoTestSuite]: TaskDaoTestSuite does not declare any static, non-private, non-final, nested classes annotated with @Configuration.
2021-06-26 00:09:00.415  INFO 544 --- [    Test worker] .b.t.c.SpringBootTestContextBootstrapper : Found @SpringBootConfiguration com.kodilla.hibernate.KodillaHibernateApplication for test class com.kodilla.hibernate.task.dao.TaskDaoTestSuite
2021-06-26 00:09:00.418  INFO 544 --- [    Test worker] .b.t.c.SpringBootTestContextBootstrapper : Loaded default TestExecutionListener class names from location [META-INF/spring.factories]: [org.springframework.boot.test.autoconfigure.restdocs.RestDocsTestExecutionListener, org.springframework.boot.test.autoconfigure.web.client.MockRestServiceServerResetTestExecutionListener, org.springframework.boot.test.autoconfigure.web.servlet.MockMvcPrintOnlyOnFailureTestExecutionListener, org.springframework.boot.test.autoconfigure.web.servlet.WebDriverTestExecutionListener, org.springframework.boot.test.autoconfigure.webservices.client.MockWebServiceServerTestExecutionListener, org.springframework.boot.test.mock.mockito.MockitoTestExecutionListener, org.springframework.boot.test.mock.mockito.ResetMocksTestExecutionListener, org.springframework.test.context.web.ServletTestExecutionListener, org.springframework.test.context.support.DirtiesContextBeforeModesTestExecutionListener, org.springframework.test.context.event.ApplicationEventsTestExecutionListener, org.springframework.test.context.support.DependencyInjectionTestExecutionListener, org.springframework.test.context.support.DirtiesContextTestExecutionListener, org.springframework.test.context.transaction.TransactionalTestExecutionListener, org.springframework.test.context.jdbc.SqlScriptsTestExecutionListener, org.springframework.test.context.event.EventPublishingTestExecutionListener]
2021-06-26 00:09:00.419  INFO 544 --- [    Test worker] .b.t.c.SpringBootTestContextBootstrapper : Using TestExecutionListeners: [org.springframework.test.context.support.DirtiesContextBeforeModesTestExecutionListener@635b1213, org.springframework.test.context.event.ApplicationEventsTestExecutionListener@9f357dc, org.springframework.boot.test.mock.mockito.MockitoTestExecutionListener@6f9f167a, org.springframework.boot.test.autoconfigure.SpringBootDependencyInjectionTestExecutionListener@3ebc691f, org.springframework.test.context.support.DirtiesContextTestExecutionListener@54c2f51, org.springframework.test.context.transaction.TransactionalTestExecutionListener@1692d593, org.springframework.test.context.jdbc.SqlScriptsTestExecutionListener@1292dfd, org.springframework.test.context.event.EventPublishingTestExecutionListener@5c004856, org.springframework.boot.test.autoconfigure.restdocs.RestDocsTestExecutionListener@3852c220, org.springframework.boot.test.autoconfigure.web.client.MockRestServiceServerResetTestExecutionListener@386ca6f4, org.springframework.boot.test.autoconfigure.web.servlet.MockMvcPrintOnlyOnFailureTestExecutionListener@706232c1, org.springframework.boot.test.autoconfigure.web.servlet.WebDriverTestExecutionListener@2efe9663, org.springframework.boot.test.autoconfigure.webservices.client.MockWebServiceServerTestExecutionListener@93125e, org.springframework.boot.test.mock.mockito.ResetMocksTestExecutionListener@5d154fbe]
Hibernate: select next_val as id_val from hibernate_sequence for update
Hibernate: update hibernate_sequence set next_val= ? where next_val=?
Hibernate: insert into tasks (created, description, duration, id) values (?, ?, ?, ?)
Hibernate: select task0_.id as id1_1_, task0_.created as created2_1_, task0_.description as descript3_1_, task0_.duration as duration4_1_ from tasks task0_ where task0_.duration=?
Hibernate: select task0_.id as id1_1_, task0_.created as created2_1_, task0_.description as descript3_1_, task0_.duration as duration4_1_ from tasks task0_
Hibernate: delete from tasks where id=?
Hibernate: select next_val as id_val from hibernate_sequence for update
Hibernate: update hibernate_sequence set next_val= ? where next_val=?
Hibernate: insert into tasks (created, description, duration, id) values (?, ?, ?, ?)
Hibernate: select task0_.id as id1_1_0_, task0_.created as created2_1_0_, task0_.description as descript3_1_0_, task0_.duration as duration4_1_0_ from tasks task0_ where task0_.id=?
Hibernate: select task0_.id as id1_1_0_, task0_.created as created2_1_0_, task0_.description as descript3_1_0_, task0_.duration as duration4_1_0_ from tasks task0_ where task0_.id=?
Hibernate: delete from tasks where id=?
]]></system-out>
  <system-err><![CDATA[]]></system-err>
</testsuite>
