<?xml version="1.0" encoding="UTF-8"?>
<testsuite name="com.kodilla.hibernate.manytomany.dao.CompanyDaoTestSuite" tests="2" skipped="0" failures="0" errors="0" timestamp="2021-09-23T18:13:28" hostname="DESKTOP-I1NTMC4" time="0.209">
  <properties/>
  <testcase name="testSaveManyToMany()" classname="com.kodilla.hibernate.manytomany.dao.CompanyDaoTestSuite" time="0.108"/>
  <testcase name="testFindEmployers()" classname="com.kodilla.hibernate.manytomany.dao.CompanyDaoTestSuite" time="0.1"/>
  <system-out><![CDATA[2021-09-23 20:13:27.985  INFO 20180 --- [    Test worker] .b.t.c.SpringBootTestContextBootstrapper : Neither @ContextConfiguration nor @ContextHierarchy found for test class [com.kodilla.hibernate.manytomany.dao.CompanyDaoTestSuite], using SpringBootContextLoader
2021-09-23 20:13:27.986  INFO 20180 --- [    Test worker] o.s.t.c.support.AbstractContextLoader    : Could not detect default resource locations for test class [com.kodilla.hibernate.manytomany.dao.CompanyDaoTestSuite]: no resource found for suffixes {-context.xml, Context.groovy}.
2021-09-23 20:13:27.986  INFO 20180 --- [    Test worker] t.c.s.AnnotationConfigContextLoaderUtils : Could not detect default configuration classes for test class [com.kodilla.hibernate.manytomany.dao.CompanyDaoTestSuite]: CompanyDaoTestSuite does not declare any static, non-private, non-final, nested classes annotated with @Configuration.
2021-09-23 20:13:28.001  INFO 20180 --- [    Test worker] .b.t.c.SpringBootTestContextBootstrapper : Found @SpringBootConfiguration com.kodilla.hibernate.KodillaHibernateApplication for test class com.kodilla.hibernate.manytomany.dao.CompanyDaoTestSuite
2021-09-23 20:13:28.005  INFO 20180 --- [    Test worker] .b.t.c.SpringBootTestContextBootstrapper : Loaded default TestExecutionListener class names from location [META-INF/spring.factories]: [org.springframework.boot.test.autoconfigure.restdocs.RestDocsTestExecutionListener, org.springframework.boot.test.autoconfigure.web.client.MockRestServiceServerResetTestExecutionListener, org.springframework.boot.test.autoconfigure.web.servlet.MockMvcPrintOnlyOnFailureTestExecutionListener, org.springframework.boot.test.autoconfigure.web.servlet.WebDriverTestExecutionListener, org.springframework.boot.test.autoconfigure.webservices.client.MockWebServiceServerTestExecutionListener, org.springframework.boot.test.mock.mockito.MockitoTestExecutionListener, org.springframework.boot.test.mock.mockito.ResetMocksTestExecutionListener, org.springframework.test.context.web.ServletTestExecutionListener, org.springframework.test.context.support.DirtiesContextBeforeModesTestExecutionListener, org.springframework.test.context.event.ApplicationEventsTestExecutionListener, org.springframework.test.context.support.DependencyInjectionTestExecutionListener, org.springframework.test.context.support.DirtiesContextTestExecutionListener, org.springframework.test.context.transaction.TransactionalTestExecutionListener, org.springframework.test.context.jdbc.SqlScriptsTestExecutionListener, org.springframework.test.context.event.EventPublishingTestExecutionListener]
2021-09-23 20:13:28.007  INFO 20180 --- [    Test worker] .b.t.c.SpringBootTestContextBootstrapper : Using TestExecutionListeners: [org.springframework.test.context.support.DirtiesContextBeforeModesTestExecutionListener@44285996, org.springframework.test.context.event.ApplicationEventsTestExecutionListener@47a35773, org.springframework.boot.test.mock.mockito.MockitoTestExecutionListener@35f3b70d, org.springframework.boot.test.autoconfigure.SpringBootDependencyInjectionTestExecutionListener@2c53918f, org.springframework.test.context.support.DirtiesContextTestExecutionListener@2ab1997a, org.springframework.test.context.transaction.TransactionalTestExecutionListener@77f44b90, org.springframework.test.context.jdbc.SqlScriptsTestExecutionListener@5f97d1bc, org.springframework.test.context.event.EventPublishingTestExecutionListener@6ff8ec28, org.springframework.boot.test.autoconfigure.restdocs.RestDocsTestExecutionListener@4924c2e4, org.springframework.boot.test.autoconfigure.web.client.MockRestServiceServerResetTestExecutionListener@1c59a89b, org.springframework.boot.test.autoconfigure.web.servlet.MockMvcPrintOnlyOnFailureTestExecutionListener@7da2909d, org.springframework.boot.test.autoconfigure.web.servlet.WebDriverTestExecutionListener@5513aaad, org.springframework.boot.test.autoconfigure.webservices.client.MockWebServiceServerTestExecutionListener@3a4f7109, org.springframework.boot.test.mock.mockito.ResetMocksTestExecutionListener@6b031bab]
Hibernate: select next_val as id_val from hibernate_sequence for update
Hibernate: update hibernate_sequence set next_val= ? where next_val=?
Hibernate: select next_val as id_val from hibernate_sequence for update
Hibernate: update hibernate_sequence set next_val= ? where next_val=?
Hibernate: select next_val as id_val from hibernate_sequence for update
Hibernate: update hibernate_sequence set next_val= ? where next_val=?
Hibernate: select next_val as id_val from hibernate_sequence for update
Hibernate: update hibernate_sequence set next_val= ? where next_val=?
Hibernate: select next_val as id_val from hibernate_sequence for update
Hibernate: update hibernate_sequence set next_val= ? where next_val=?
Hibernate: select next_val as id_val from hibernate_sequence for update
Hibernate: update hibernate_sequence set next_val= ? where next_val=?
Hibernate: insert into companies (company_name, company_id) values (?, ?)
Hibernate: insert into employees (firstname, lastname, employee_id) values (?, ?, ?)
Hibernate: insert into companies (company_name, company_id) values (?, ?)
Hibernate: insert into employees (firstname, lastname, employee_id) values (?, ?, ?)
Hibernate: insert into companies (company_name, company_id) values (?, ?)
Hibernate: insert into employees (firstname, lastname, employee_id) values (?, ?, ?)
Hibernate: insert into join_company_employee (employee_id, company_id) values (?, ?)
Hibernate: insert into join_company_employee (employee_id, company_id) values (?, ?)
Hibernate: insert into join_company_employee (employee_id, company_id) values (?, ?)
Hibernate: insert into join_company_employee (employee_id, company_id) values (?, ?)
Hibernate: insert into join_company_employee (employee_id, company_id) values (?, ?)
Hibernate: select company0_.company_id as company_1_0_1_, company0_.company_name as company_2_0_1_, employees1_.company_id as company_2_4_3_, employee2_.employee_id as employee1_4_3_, employee2_.employee_id as employee1_1_0_, employee2_.firstname as firstnam2_1_0_, employee2_.lastname as lastname3_1_0_ from companies company0_ left outer join join_company_employee employees1_ on company0_.company_id=employees1_.company_id left outer join employees employee2_ on employees1_.employee_id=employee2_.employee_id where company0_.company_id=?
Hibernate: select companies0_.employee_id as employee1_4_0_, companies0_.company_id as company_2_4_0_, company1_.company_id as company_1_0_1_, company1_.company_name as company_2_0_1_ from join_company_employee companies0_ inner join companies company1_ on companies0_.company_id=company1_.company_id where companies0_.employee_id=?
Hibernate: select company0_.company_id as company_1_0_1_, company0_.company_name as company_2_0_1_, employees1_.company_id as company_2_4_3_, employee2_.employee_id as employee1_4_3_, employee2_.employee_id as employee1_1_0_, employee2_.firstname as firstnam2_1_0_, employee2_.lastname as lastname3_1_0_ from companies company0_ left outer join join_company_employee employees1_ on company0_.company_id=employees1_.company_id left outer join employees employee2_ on employees1_.employee_id=employee2_.employee_id where company0_.company_id=?
Hibernate: select company0_.company_id as company_1_0_1_, company0_.company_name as company_2_0_1_, employees1_.company_id as company_2_4_3_, employee2_.employee_id as employee1_4_3_, employee2_.employee_id as employee1_1_0_, employee2_.firstname as firstnam2_1_0_, employee2_.lastname as lastname3_1_0_ from companies company0_ left outer join join_company_employee employees1_ on company0_.company_id=employees1_.company_id left outer join employees employee2_ on employees1_.employee_id=employee2_.employee_id where company0_.company_id=?
Hibernate: select companies0_.employee_id as employee1_4_0_, companies0_.company_id as company_2_4_0_, company1_.company_id as company_1_0_1_, company1_.company_name as company_2_0_1_ from join_company_employee companies0_ inner join companies company1_ on companies0_.company_id=company1_.company_id where companies0_.employee_id=?
Hibernate: select companies0_.employee_id as employee1_4_0_, companies0_.company_id as company_2_4_0_, company1_.company_id as company_1_0_1_, company1_.company_name as company_2_0_1_ from join_company_employee companies0_ inner join companies company1_ on companies0_.company_id=company1_.company_id where companies0_.employee_id=?
Hibernate: select company0_.company_id as company_1_0_1_, company0_.company_name as company_2_0_1_, employees1_.company_id as company_2_4_3_, employee2_.employee_id as employee1_4_3_, employee2_.employee_id as employee1_1_0_, employee2_.firstname as firstnam2_1_0_, employee2_.lastname as lastname3_1_0_ from companies company0_ left outer join join_company_employee employees1_ on company0_.company_id=employees1_.company_id left outer join employees employee2_ on employees1_.employee_id=employee2_.employee_id where company0_.company_id=?
Hibernate: select company0_.company_id as company_1_0_1_, company0_.company_name as company_2_0_1_, employees1_.company_id as company_2_4_3_, employee2_.employee_id as employee1_4_3_, employee2_.employee_id as employee1_1_0_, employee2_.firstname as firstnam2_1_0_, employee2_.lastname as lastname3_1_0_ from companies company0_ left outer join join_company_employee employees1_ on company0_.company_id=employees1_.company_id left outer join employees employee2_ on employees1_.employee_id=employee2_.employee_id where company0_.company_id=?
Hibernate: select companies0_.employee_id as employee1_4_0_, companies0_.company_id as company_2_4_0_, company1_.company_id as company_1_0_1_, company1_.company_name as company_2_0_1_ from join_company_employee companies0_ inner join companies company1_ on companies0_.company_id=company1_.company_id where companies0_.employee_id=?
Hibernate: select company0_.company_id as company_1_0_1_, company0_.company_name as company_2_0_1_, employees1_.company_id as company_2_4_3_, employee2_.employee_id as employee1_4_3_, employee2_.employee_id as employee1_1_0_, employee2_.firstname as firstnam2_1_0_, employee2_.lastname as lastname3_1_0_ from companies company0_ left outer join join_company_employee employees1_ on company0_.company_id=employees1_.company_id left outer join employees employee2_ on employees1_.employee_id=employee2_.employee_id where company0_.company_id=?
Hibernate: select companies0_.employee_id as employee1_4_0_, companies0_.company_id as company_2_4_0_, company1_.company_id as company_1_0_1_, company1_.company_name as company_2_0_1_ from join_company_employee companies0_ inner join companies company1_ on companies0_.company_id=company1_.company_id where companies0_.employee_id=?
Hibernate: select companies0_.employee_id as employee1_4_0_, companies0_.company_id as company_2_4_0_, company1_.company_id as company_1_0_1_, company1_.company_name as company_2_0_1_ from join_company_employee companies0_ inner join companies company1_ on companies0_.company_id=company1_.company_id where companies0_.employee_id=?
Hibernate: select company0_.company_id as company_1_0_0_, company0_.company_name as company_2_0_0_ from companies company0_ where company0_.company_id=?
Hibernate: select employees0_.company_id as company_2_4_0_, employees0_.employee_id as employee1_4_0_, employee1_.employee_id as employee1_1_1_, employee1_.firstname as firstnam2_1_1_, employee1_.lastname as lastname3_1_1_ from join_company_employee employees0_ inner join employees employee1_ on employees0_.employee_id=employee1_.employee_id where employees0_.company_id=?
Hibernate: select companies0_.employee_id as employee1_4_0_, companies0_.company_id as company_2_4_0_, company1_.company_id as company_1_0_1_, company1_.company_name as company_2_0_1_ from join_company_employee companies0_ inner join companies company1_ on companies0_.company_id=company1_.company_id where companies0_.employee_id=?
Hibernate: select employees0_.company_id as company_2_4_0_, employees0_.employee_id as employee1_4_0_, employee1_.employee_id as employee1_1_1_, employee1_.firstname as firstnam2_1_1_, employee1_.lastname as lastname3_1_1_ from join_company_employee employees0_ inner join employees employee1_ on employees0_.employee_id=employee1_.employee_id where employees0_.company_id=?
Hibernate: select companies0_.employee_id as employee1_4_0_, companies0_.company_id as company_2_4_0_, company1_.company_id as company_1_0_1_, company1_.company_name as company_2_0_1_ from join_company_employee companies0_ inner join companies company1_ on companies0_.company_id=company1_.company_id where companies0_.employee_id=?
Hibernate: select employees0_.company_id as company_2_4_0_, employees0_.employee_id as employee1_4_0_, employee1_.employee_id as employee1_1_1_, employee1_.firstname as firstnam2_1_1_, employee1_.lastname as lastname3_1_1_ from join_company_employee employees0_ inner join employees employee1_ on employees0_.employee_id=employee1_.employee_id where employees0_.company_id=?
Hibernate: select companies0_.employee_id as employee1_4_0_, companies0_.company_id as company_2_4_0_, company1_.company_id as company_1_0_1_, company1_.company_name as company_2_0_1_ from join_company_employee companies0_ inner join companies company1_ on companies0_.company_id=company1_.company_id where companies0_.employee_id=?
Hibernate: delete from join_company_employee where employee_id=?
Hibernate: delete from join_company_employee where employee_id=?
Hibernate: delete from join_company_employee where employee_id=?
Hibernate: delete from employees where employee_id=?
Hibernate: delete from companies where company_id=?
Hibernate: delete from employees where employee_id=?
Hibernate: delete from companies where company_id=?
Hibernate: delete from employees where employee_id=?
Hibernate: delete from companies where company_id=?
Hibernate: select company0_.company_id as company_1_0_0_, company0_.company_name as company_2_0_0_ from companies company0_ where company0_.company_id=?
Hibernate: select next_val as id_val from hibernate_sequence for update
Hibernate: update hibernate_sequence set next_val= ? where next_val=?
Hibernate: select next_val as id_val from hibernate_sequence for update
Hibernate: update hibernate_sequence set next_val= ? where next_val=?
Hibernate: select next_val as id_val from hibernate_sequence for update
Hibernate: update hibernate_sequence set next_val= ? where next_val=?
Hibernate: select next_val as id_val from hibernate_sequence for update
Hibernate: update hibernate_sequence set next_val= ? where next_val=?
Hibernate: select next_val as id_val from hibernate_sequence for update
Hibernate: update hibernate_sequence set next_val= ? where next_val=?
Hibernate: select next_val as id_val from hibernate_sequence for update
Hibernate: update hibernate_sequence set next_val= ? where next_val=?
Hibernate: insert into companies (company_name, company_id) values (?, ?)
Hibernate: insert into employees (firstname, lastname, employee_id) values (?, ?, ?)
Hibernate: insert into companies (company_name, company_id) values (?, ?)
Hibernate: insert into employees (firstname, lastname, employee_id) values (?, ?, ?)
Hibernate: insert into companies (company_name, company_id) values (?, ?)
Hibernate: insert into employees (firstname, lastname, employee_id) values (?, ?, ?)
Hibernate: insert into join_company_employee (employee_id, company_id) values (?, ?)
Hibernate: insert into join_company_employee (employee_id, company_id) values (?, ?)
Hibernate: insert into join_company_employee (employee_id, company_id) values (?, ?)
Hibernate: insert into join_company_employee (employee_id, company_id) values (?, ?)
Hibernate: insert into join_company_employee (employee_id, company_id) values (?, ?)
Hibernate: select company0_.company_id as company_1_0_1_, company0_.company_name as company_2_0_1_, employees1_.company_id as company_2_4_3_, employee2_.employee_id as employee1_4_3_, employee2_.employee_id as employee1_1_0_, employee2_.firstname as firstnam2_1_0_, employee2_.lastname as lastname3_1_0_ from companies company0_ left outer join join_company_employee employees1_ on company0_.company_id=employees1_.company_id left outer join employees employee2_ on employees1_.employee_id=employee2_.employee_id where company0_.company_id=?
Hibernate: select companies0_.employee_id as employee1_4_0_, companies0_.company_id as company_2_4_0_, company1_.company_id as company_1_0_1_, company1_.company_name as company_2_0_1_ from join_company_employee companies0_ inner join companies company1_ on companies0_.company_id=company1_.company_id where companies0_.employee_id=?
Hibernate: select company0_.company_id as company_1_0_1_, company0_.company_name as company_2_0_1_, employees1_.company_id as company_2_4_3_, employee2_.employee_id as employee1_4_3_, employee2_.employee_id as employee1_1_0_, employee2_.firstname as firstnam2_1_0_, employee2_.lastname as lastname3_1_0_ from companies company0_ left outer join join_company_employee employees1_ on company0_.company_id=employees1_.company_id left outer join employees employee2_ on employees1_.employee_id=employee2_.employee_id where company0_.company_id=?
Hibernate: select company0_.company_id as company_1_0_1_, company0_.company_name as company_2_0_1_, employees1_.company_id as company_2_4_3_, employee2_.employee_id as employee1_4_3_, employee2_.employee_id as employee1_1_0_, employee2_.firstname as firstnam2_1_0_, employee2_.lastname as lastname3_1_0_ from companies company0_ left outer join join_company_employee employees1_ on company0_.company_id=employees1_.company_id left outer join employees employee2_ on employees1_.employee_id=employee2_.employee_id where company0_.company_id=?
Hibernate: select companies0_.employee_id as employee1_4_0_, companies0_.company_id as company_2_4_0_, company1_.company_id as company_1_0_1_, company1_.company_name as company_2_0_1_ from join_company_employee companies0_ inner join companies company1_ on companies0_.company_id=company1_.company_id where companies0_.employee_id=?
Hibernate: select companies0_.employee_id as employee1_4_0_, companies0_.company_id as company_2_4_0_, company1_.company_id as company_1_0_1_, company1_.company_name as company_2_0_1_ from join_company_employee companies0_ inner join companies company1_ on companies0_.company_id=company1_.company_id where companies0_.employee_id=?
Hibernate: select company0_.company_id as company_1_0_1_, company0_.company_name as company_2_0_1_, employees1_.company_id as company_2_4_3_, employee2_.employee_id as employee1_4_3_, employee2_.employee_id as employee1_1_0_, employee2_.firstname as firstnam2_1_0_, employee2_.lastname as lastname3_1_0_ from companies company0_ left outer join join_company_employee employees1_ on company0_.company_id=employees1_.company_id left outer join employees employee2_ on employees1_.employee_id=employee2_.employee_id where company0_.company_id=?
Hibernate: select company0_.company_id as company_1_0_1_, company0_.company_name as company_2_0_1_, employees1_.company_id as company_2_4_3_, employee2_.employee_id as employee1_4_3_, employee2_.employee_id as employee1_1_0_, employee2_.firstname as firstnam2_1_0_, employee2_.lastname as lastname3_1_0_ from companies company0_ left outer join join_company_employee employees1_ on company0_.company_id=employees1_.company_id left outer join employees employee2_ on employees1_.employee_id=employee2_.employee_id where company0_.company_id=?
Hibernate: select companies0_.employee_id as employee1_4_0_, companies0_.company_id as company_2_4_0_, company1_.company_id as company_1_0_1_, company1_.company_name as company_2_0_1_ from join_company_employee companies0_ inner join companies company1_ on companies0_.company_id=company1_.company_id where companies0_.employee_id=?
Hibernate: select company0_.company_id as company_1_0_1_, company0_.company_name as company_2_0_1_, employees1_.company_id as company_2_4_3_, employee2_.employee_id as employee1_4_3_, employee2_.employee_id as employee1_1_0_, employee2_.firstname as firstnam2_1_0_, employee2_.lastname as lastname3_1_0_ from companies company0_ left outer join join_company_employee employees1_ on company0_.company_id=employees1_.company_id left outer join employees employee2_ on employees1_.employee_id=employee2_.employee_id where company0_.company_id=?
Hibernate: select companies0_.employee_id as employee1_4_0_, companies0_.company_id as company_2_4_0_, company1_.company_id as company_1_0_1_, company1_.company_name as company_2_0_1_ from join_company_employee companies0_ inner join companies company1_ on companies0_.company_id=company1_.company_id where companies0_.employee_id=?
Hibernate: select companies0_.employee_id as employee1_4_0_, companies0_.company_id as company_2_4_0_, company1_.company_id as company_1_0_1_, company1_.company_name as company_2_0_1_ from join_company_employee companies0_ inner join companies company1_ on companies0_.company_id=company1_.company_id where companies0_.employee_id=?
Hibernate: SELECT * FROM COMPANIES WHERE company_name LIKE ?
Hibernate: select employee0_.employee_id as employee1_1_, employee0_.firstname as firstnam2_1_, employee0_.lastname as lastname3_1_ from employees employee0_ where employee0_.lastname=?
Hibernate: select company0_.company_id as company_1_0_0_, company0_.company_name as company_2_0_0_ from companies company0_ where company0_.company_id=?
Hibernate: select employees0_.company_id as company_2_4_0_, employees0_.employee_id as employee1_4_0_, employee1_.employee_id as employee1_1_1_, employee1_.firstname as firstnam2_1_1_, employee1_.lastname as lastname3_1_1_ from join_company_employee employees0_ inner join employees employee1_ on employees0_.employee_id=employee1_.employee_id where employees0_.company_id=?
Hibernate: select companies0_.employee_id as employee1_4_0_, companies0_.company_id as company_2_4_0_, company1_.company_id as company_1_0_1_, company1_.company_name as company_2_0_1_ from join_company_employee companies0_ inner join companies company1_ on companies0_.company_id=company1_.company_id where companies0_.employee_id=?
Hibernate: select employees0_.company_id as company_2_4_0_, employees0_.employee_id as employee1_4_0_, employee1_.employee_id as employee1_1_1_, employee1_.firstname as firstnam2_1_1_, employee1_.lastname as lastname3_1_1_ from join_company_employee employees0_ inner join employees employee1_ on employees0_.employee_id=employee1_.employee_id where employees0_.company_id=?
Hibernate: select companies0_.employee_id as employee1_4_0_, companies0_.company_id as company_2_4_0_, company1_.company_id as company_1_0_1_, company1_.company_name as company_2_0_1_ from join_company_employee companies0_ inner join companies company1_ on companies0_.company_id=company1_.company_id where companies0_.employee_id=?
Hibernate: select employees0_.company_id as company_2_4_0_, employees0_.employee_id as employee1_4_0_, employee1_.employee_id as employee1_1_1_, employee1_.firstname as firstnam2_1_1_, employee1_.lastname as lastname3_1_1_ from join_company_employee employees0_ inner join employees employee1_ on employees0_.employee_id=employee1_.employee_id where employees0_.company_id=?
Hibernate: select companies0_.employee_id as employee1_4_0_, companies0_.company_id as company_2_4_0_, company1_.company_id as company_1_0_1_, company1_.company_name as company_2_0_1_ from join_company_employee companies0_ inner join companies company1_ on companies0_.company_id=company1_.company_id where companies0_.employee_id=?
Hibernate: delete from join_company_employee where employee_id=?
Hibernate: delete from join_company_employee where employee_id=?
Hibernate: delete from join_company_employee where employee_id=?
Hibernate: delete from employees where employee_id=?
Hibernate: delete from companies where company_id=?
Hibernate: delete from employees where employee_id=?
Hibernate: delete from companies where company_id=?
Hibernate: delete from employees where employee_id=?
Hibernate: delete from companies where company_id=?
Hibernate: select company0_.company_id as company_1_0_0_, company0_.company_name as company_2_0_0_ from companies company0_ where company0_.company_id=?
]]></system-out>
  <system-err><![CDATA[]]></system-err>
</testsuite>
