<?xml version="1.0" encoding="UTF-8"?>
<testsuite name="com.kodilla.hibernate.KodillaHibernateApplicationTests" tests="1" skipped="0" failures="0" errors="0" timestamp="2021-09-23T18:37:35" hostname="DESKTOP-I1NTMC4" time="0.004">
  <properties/>
  <testcase name="contextLoads()" classname="com.kodilla.hibernate.KodillaHibernateApplicationTests" time="0.004"/>
  <system-out><![CDATA[2021-09-23 20:37:35.582  INFO 8264 --- [    Test worker] .b.t.c.SpringBootTestContextBootstrapper : Neither @ContextConfiguration nor @ContextHierarchy found for test class [com.kodilla.hibernate.KodillaHibernateApplicationTests], using SpringBootContextLoader
2021-09-23 20:37:35.582  INFO 8264 --- [    Test worker] o.s.t.c.support.AbstractContextLoader    : Could not detect default resource locations for test class [com.kodilla.hibernate.KodillaHibernateApplicationTests]: no resource found for suffixes {-context.xml, Context.groovy}.
2021-09-23 20:37:35.582  INFO 8264 --- [    Test worker] t.c.s.AnnotationConfigContextLoaderUtils : Could not detect default configuration classes for test class [com.kodilla.hibernate.KodillaHibernateApplicationTests]: KodillaHibernateApplicationTests does not declare any static, non-private, non-final, nested classes annotated with @Configuration.
2021-09-23 20:37:35.587  INFO 8264 --- [    Test worker] .b.t.c.SpringBootTestContextBootstrapper : Found @SpringBootConfiguration com.kodilla.hibernate.KodillaHibernateApplication for test class com.kodilla.hibernate.KodillaHibernateApplicationTests
2021-09-23 20:37:35.589  INFO 8264 --- [    Test worker] .b.t.c.SpringBootTestContextBootstrapper : Loaded default TestExecutionListener class names from location [META-INF/spring.factories]: [org.springframework.boot.test.autoconfigure.restdocs.RestDocsTestExecutionListener, org.springframework.boot.test.autoconfigure.web.client.MockRestServiceServerResetTestExecutionListener, org.springframework.boot.test.autoconfigure.web.servlet.MockMvcPrintOnlyOnFailureTestExecutionListener, org.springframework.boot.test.autoconfigure.web.servlet.WebDriverTestExecutionListener, org.springframework.boot.test.autoconfigure.webservices.client.MockWebServiceServerTestExecutionListener, org.springframework.boot.test.mock.mockito.MockitoTestExecutionListener, org.springframework.boot.test.mock.mockito.ResetMocksTestExecutionListener, org.springframework.test.context.web.ServletTestExecutionListener, org.springframework.test.context.support.DirtiesContextBeforeModesTestExecutionListener, org.springframework.test.context.event.ApplicationEventsTestExecutionListener, org.springframework.test.context.support.DependencyInjectionTestExecutionListener, org.springframework.test.context.support.DirtiesContextTestExecutionListener, org.springframework.test.context.transaction.TransactionalTestExecutionListener, org.springframework.test.context.jdbc.SqlScriptsTestExecutionListener, org.springframework.test.context.event.EventPublishingTestExecutionListener]
2021-09-23 20:37:35.590  INFO 8264 --- [    Test worker] .b.t.c.SpringBootTestContextBootstrapper : Using TestExecutionListeners: [org.springframework.test.context.support.DirtiesContextBeforeModesTestExecutionListener@2c53918f, org.springframework.test.context.event.ApplicationEventsTestExecutionListener@2ab1997a, org.springframework.boot.test.mock.mockito.MockitoTestExecutionListener@77f44b90, org.springframework.boot.test.autoconfigure.SpringBootDependencyInjectionTestExecutionListener@5f97d1bc, org.springframework.test.context.support.DirtiesContextTestExecutionListener@6ff8ec28, org.springframework.test.context.transaction.TransactionalTestExecutionListener@4924c2e4, org.springframework.test.context.jdbc.SqlScriptsTestExecutionListener@1c59a89b, org.springframework.test.context.event.EventPublishingTestExecutionListener@7da2909d, org.springframework.boot.test.autoconfigure.restdocs.RestDocsTestExecutionListener@5513aaad, org.springframework.boot.test.autoconfigure.web.client.MockRestServiceServerResetTestExecutionListener@3a4f7109, org.springframework.boot.test.autoconfigure.web.servlet.MockMvcPrintOnlyOnFailureTestExecutionListener@6b031bab, org.springframework.boot.test.autoconfigure.web.servlet.WebDriverTestExecutionListener@24c482e, org.springframework.boot.test.autoconfigure.webservices.client.MockWebServiceServerTestExecutionListener@4ac2cc08, org.springframework.boot.test.mock.mockito.ResetMocksTestExecutionListener@b442b60]
]]></system-out>
  <system-err><![CDATA[]]></system-err>
</testsuite>
