<?xml version="1.0" encoding="UTF-8"?>
<testsuite name="com.kodilla.hibernate.tasklist.dao.taskListDaoTestSuite" tests="2" skipped="0" failures="0" errors="0" timestamp="2021-09-23T18:37:36" hostname="DESKTOP-I1NTMC4" time="0.058">
  <properties/>
  <testcase name="testTaskListDaoSaveWithTasks()" classname="com.kodilla.hibernate.tasklist.dao.taskListDaoTestSuite" time="0.038"/>
  <testcase name="testFindByListName()" classname="com.kodilla.hibernate.tasklist.dao.taskListDaoTestSuite" time="0.019"/>
  <system-out><![CDATA[2021-09-23 20:37:36.046  INFO 8264 --- [    Test worker] .b.t.c.SpringBootTestContextBootstrapper : Neither @ContextConfiguration nor @ContextHierarchy found for test class [com.kodilla.hibernate.tasklist.dao.taskListDaoTestSuite], using SpringBootContextLoader
2021-09-23 20:37:36.047  INFO 8264 --- [    Test worker] o.s.t.c.support.AbstractContextLoader    : Could not detect default resource locations for test class [com.kodilla.hibernate.tasklist.dao.taskListDaoTestSuite]: no resource found for suffixes {-context.xml, Context.groovy}.
2021-09-23 20:37:36.047  INFO 8264 --- [    Test worker] t.c.s.AnnotationConfigContextLoaderUtils : Could not detect default configuration classes for test class [com.kodilla.hibernate.tasklist.dao.taskListDaoTestSuite]: taskListDaoTestSuite does not declare any static, non-private, non-final, nested classes annotated with @Configuration.
2021-09-23 20:37:36.054  INFO 8264 --- [    Test worker] .b.t.c.SpringBootTestContextBootstrapper : Found @SpringBootConfiguration com.kodilla.hibernate.KodillaHibernateApplication for test class com.kodilla.hibernate.tasklist.dao.taskListDaoTestSuite
2021-09-23 20:37:36.056  INFO 8264 --- [    Test worker] .b.t.c.SpringBootTestContextBootstrapper : Loaded default TestExecutionListener class names from location [META-INF/spring.factories]: [org.springframework.boot.test.autoconfigure.restdocs.RestDocsTestExecutionListener, org.springframework.boot.test.autoconfigure.web.client.MockRestServiceServerResetTestExecutionListener, org.springframework.boot.test.autoconfigure.web.servlet.MockMvcPrintOnlyOnFailureTestExecutionListener, org.springframework.boot.test.autoconfigure.web.servlet.WebDriverTestExecutionListener, org.springframework.boot.test.autoconfigure.webservices.client.MockWebServiceServerTestExecutionListener, org.springframework.boot.test.mock.mockito.MockitoTestExecutionListener, org.springframework.boot.test.mock.mockito.ResetMocksTestExecutionListener, org.springframework.test.context.web.ServletTestExecutionListener, org.springframework.test.context.support.DirtiesContextBeforeModesTestExecutionListener, org.springframework.test.context.event.ApplicationEventsTestExecutionListener, org.springframework.test.context.support.DependencyInjectionTestExecutionListener, org.springframework.test.context.support.DirtiesContextTestExecutionListener, org.springframework.test.context.transaction.TransactionalTestExecutionListener, org.springframework.test.context.jdbc.SqlScriptsTestExecutionListener, org.springframework.test.context.event.EventPublishingTestExecutionListener]
2021-09-23 20:37:36.056  INFO 8264 --- [    Test worker] .b.t.c.SpringBootTestContextBootstrapper : Using TestExecutionListeners: [org.springframework.test.context.support.DirtiesContextBeforeModesTestExecutionListener@e773128, org.springframework.test.context.event.ApplicationEventsTestExecutionListener@fa230e6, org.springframework.boot.test.mock.mockito.MockitoTestExecutionListener@db0b39c, org.springframework.boot.test.autoconfigure.SpringBootDependencyInjectionTestExecutionListener@6a75271b, org.springframework.test.context.support.DirtiesContextTestExecutionListener@5d3cb50c, org.springframework.test.context.transaction.TransactionalTestExecutionListener@43079b4d, org.springframework.test.context.jdbc.SqlScriptsTestExecutionListener@4b23ece2, org.springframework.test.context.event.EventPublishingTestExecutionListener@82d5762, org.springframework.boot.test.autoconfigure.restdocs.RestDocsTestExecutionListener@300117be, org.springframework.boot.test.autoconfigure.web.client.MockRestServiceServerResetTestExecutionListener@4fa32f00, org.springframework.boot.test.autoconfigure.web.servlet.MockMvcPrintOnlyOnFailureTestExecutionListener@1bb38eea, org.springframework.boot.test.autoconfigure.web.servlet.WebDriverTestExecutionListener@79474cb9, org.springframework.boot.test.autoconfigure.webservices.client.MockWebServiceServerTestExecutionListener@414308c8, org.springframework.boot.test.mock.mockito.ResetMocksTestExecutionListener@174ef4cf]
Hibernate: select next_val as id_val from hibernate_sequence for update
Hibernate: update hibernate_sequence set next_val= ? where next_val=?
Hibernate: select next_val as id_val from hibernate_sequence for update
Hibernate: update hibernate_sequence set next_val= ? where next_val=?
Hibernate: select next_val as id_val from hibernate_sequence for update
Hibernate: update hibernate_sequence set next_val= ? where next_val=?
Hibernate: select next_val as id_val from hibernate_sequence for update
Hibernate: update hibernate_sequence set next_val= ? where next_val=?
Hibernate: select next_val as id_val from hibernate_sequence for update
Hibernate: update hibernate_sequence set next_val= ? where next_val=?
Hibernate: insert into tasklists (description, listname, tasklist_id) values (?, ?, ?)
Hibernate: insert into tasks_financials (paid, price, id) values (?, ?, ?)
Hibernate: insert into tasks (created, description, duration, tasks_financial_id, tasklist_id, id) values (?, ?, ?, ?, ?, ?)
Hibernate: insert into tasks_financials (paid, price, id) values (?, ?, ?)
Hibernate: insert into tasks (created, description, duration, tasks_financial_id, tasklist_id, id) values (?, ?, ?, ?, ?, ?)
Hibernate: select tasklist0_.tasklist_id as tasklist1_6_0_, tasklist0_.description as descript2_6_0_, tasklist0_.listname as listname3_6_0_ from tasklists tasklist0_ where tasklist0_.tasklist_id=?
Hibernate: select tasks0_.tasklist_id as tasklist6_7_0_, tasks0_.id as id1_7_0_, tasks0_.id as id1_7_1_, tasks0_.created as created2_7_1_, tasks0_.description as descript3_7_1_, tasks0_.duration as duration4_7_1_, tasks0_.tasks_financial_id as tasks_fi5_7_1_, tasks0_.tasklist_id as tasklist6_7_1_, taskfinanc1_.id as id1_8_2_, taskfinanc1_.paid as paid2_8_2_, taskfinanc1_.price as price3_8_2_ from tasks tasks0_ left outer join tasks_financials taskfinanc1_ on tasks0_.tasks_financial_id=taskfinanc1_.id where tasks0_.tasklist_id=?
Hibernate: delete from tasks where id=?
Hibernate: delete from tasks_financials where id=?
Hibernate: delete from tasks where id=?
Hibernate: delete from tasks_financials where id=?
Hibernate: delete from tasklists where tasklist_id=?
Hibernate: select next_val as id_val from hibernate_sequence for update
Hibernate: update hibernate_sequence set next_val= ? where next_val=?
Hibernate: insert into tasklists (description, listname, tasklist_id) values (?, ?, ?)
Hibernate: select tasklist0_.tasklist_id as tasklist1_6_, tasklist0_.description as descript2_6_, tasklist0_.listname as listname3_6_ from tasklists tasklist0_ where tasklist0_.listname=?
Hibernate: select tasklist0_.tasklist_id as tasklist1_6_0_, tasklist0_.description as descript2_6_0_, tasklist0_.listname as listname3_6_0_ from tasklists tasklist0_ where tasklist0_.tasklist_id=?
Hibernate: select tasks0_.tasklist_id as tasklist6_7_0_, tasks0_.id as id1_7_0_, tasks0_.id as id1_7_1_, tasks0_.created as created2_7_1_, tasks0_.description as descript3_7_1_, tasks0_.duration as duration4_7_1_, tasks0_.tasks_financial_id as tasks_fi5_7_1_, tasks0_.tasklist_id as tasklist6_7_1_, taskfinanc1_.id as id1_8_2_, taskfinanc1_.paid as paid2_8_2_, taskfinanc1_.price as price3_8_2_ from tasks tasks0_ left outer join tasks_financials taskfinanc1_ on tasks0_.tasks_financial_id=taskfinanc1_.id where tasks0_.tasklist_id=?
Hibernate: delete from tasklists where tasklist_id=?
]]></system-out>
  <system-err><![CDATA[]]></system-err>
</testsuite>
