<?xml version="1.0" encoding="UTF-8"?>
<testsuite name="com.kodilla.hibernate.KodillaHibernateApplicationTests" tests="1" skipped="0" failures="0" errors="0" timestamp="2021-09-23T18:22:49" hostname="DESKTOP-I1NTMC4" time="0.003">
  <properties/>
  <testcase name="contextLoads()" classname="com.kodilla.hibernate.KodillaHibernateApplicationTests" time="0.003"/>
  <system-out><![CDATA[2021-09-23 20:22:49.346  INFO 3396 --- [    Test worker] .b.t.c.SpringBootTestContextBootstrapper : Neither @ContextConfiguration nor @ContextHierarchy found for test class [com.kodilla.hibernate.KodillaHibernateApplicationTests], using SpringBootContextLoader
2021-09-23 20:22:49.347  INFO 3396 --- [    Test worker] o.s.t.c.support.AbstractContextLoader    : Could not detect default resource locations for test class [com.kodilla.hibernate.KodillaHibernateApplicationTests]: no resource found for suffixes {-context.xml, Context.groovy}.
2021-09-23 20:22:49.347  INFO 3396 --- [    Test worker] t.c.s.AnnotationConfigContextLoaderUtils : Could not detect default configuration classes for test class [com.kodilla.hibernate.KodillaHibernateApplicationTests]: KodillaHibernateApplicationTests does not declare any static, non-private, non-final, nested classes annotated with @Configuration.
2021-09-23 20:22:49.351  INFO 3396 --- [    Test worker] .b.t.c.SpringBootTestContextBootstrapper : Found @SpringBootConfiguration com.kodilla.hibernate.KodillaHibernateApplication for test class com.kodilla.hibernate.KodillaHibernateApplicationTests
2021-09-23 20:22:49.354  INFO 3396 --- [    Test worker] .b.t.c.SpringBootTestContextBootstrapper : Loaded default TestExecutionListener class names from location [META-INF/spring.factories]: [org.springframework.boot.test.autoconfigure.restdocs.RestDocsTestExecutionListener, org.springframework.boot.test.autoconfigure.web.client.MockRestServiceServerResetTestExecutionListener, org.springframework.boot.test.autoconfigure.web.servlet.MockMvcPrintOnlyOnFailureTestExecutionListener, org.springframework.boot.test.autoconfigure.web.servlet.WebDriverTestExecutionListener, org.springframework.boot.test.autoconfigure.webservices.client.MockWebServiceServerTestExecutionListener, org.springframework.boot.test.mock.mockito.MockitoTestExecutionListener, org.springframework.boot.test.mock.mockito.ResetMocksTestExecutionListener, org.springframework.test.context.web.ServletTestExecutionListener, org.springframework.test.context.support.DirtiesContextBeforeModesTestExecutionListener, org.springframework.test.context.event.ApplicationEventsTestExecutionListener, org.springframework.test.context.support.DependencyInjectionTestExecutionListener, org.springframework.test.context.support.DirtiesContextTestExecutionListener, org.springframework.test.context.transaction.TransactionalTestExecutionListener, org.springframework.test.context.jdbc.SqlScriptsTestExecutionListener, org.springframework.test.context.event.EventPublishingTestExecutionListener]
2021-09-23 20:22:49.355  INFO 3396 --- [    Test worker] .b.t.c.SpringBootTestContextBootstrapper : Using TestExecutionListeners: [org.springframework.test.context.support.DirtiesContextBeforeModesTestExecutionListener@2eed263c, org.springframework.test.context.event.ApplicationEventsTestExecutionListener@32c0dff3, org.springframework.boot.test.mock.mockito.MockitoTestExecutionListener@5e4c8900, org.springframework.boot.test.autoconfigure.SpringBootDependencyInjectionTestExecutionListener@195167e6, org.springframework.test.context.support.DirtiesContextTestExecutionListener@5e4a7e36, org.springframework.test.context.transaction.TransactionalTestExecutionListener@6a411d4b, org.springframework.test.context.jdbc.SqlScriptsTestExecutionListener@507f8d8a, org.springframework.test.context.event.EventPublishingTestExecutionListener@4283ae34, org.springframework.boot.test.autoconfigure.restdocs.RestDocsTestExecutionListener@4fb5d39c, org.springframework.boot.test.autoconfigure.web.client.MockRestServiceServerResetTestExecutionListener@2dfc2464, org.springframework.boot.test.autoconfigure.web.servlet.MockMvcPrintOnlyOnFailureTestExecutionListener@1c3ef8c, org.springframework.boot.test.autoconfigure.web.servlet.WebDriverTestExecutionListener@5e6e138e, org.springframework.boot.test.autoconfigure.webservices.client.MockWebServiceServerTestExecutionListener@3f2602ec, org.springframework.boot.test.mock.mockito.ResetMocksTestExecutionListener@7335de68]
]]></system-out>
  <system-err><![CDATA[]]></system-err>
</testsuite>
