<?xml version="1.0" encoding="UTF-8"?>
<testsuite name="com.kodilla.hibernate.tasklist.dao.taskListDaoTestSuite" tests="1" skipped="0" failures="0" errors="0" timestamp="2021-06-25T22:09:00" hostname="DESKTOP-I1NTMC4" time="0.024">
  <properties/>
  <testcase name="testFindByListName()" classname="com.kodilla.hibernate.tasklist.dao.taskListDaoTestSuite" time="0.024"/>
  <system-out><![CDATA[2021-06-26 00:09:00.662  INFO 544 --- [    Test worker] .b.t.c.SpringBootTestContextBootstrapper : Neither @ContextConfiguration nor @ContextHierarchy found for test class [com.kodilla.hibernate.tasklist.dao.taskListDaoTestSuite], using SpringBootContextLoader
2021-06-26 00:09:00.663  INFO 544 --- [    Test worker] o.s.t.c.support.AbstractContextLoader    : Could not detect default resource locations for test class [com.kodilla.hibernate.tasklist.dao.taskListDaoTestSuite]: no resource found for suffixes {-context.xml, Context.groovy}.
2021-06-26 00:09:00.663  INFO 544 --- [    Test worker] t.c.s.AnnotationConfigContextLoaderUtils : Could not detect default configuration classes for test class [com.kodilla.hibernate.tasklist.dao.taskListDaoTestSuite]: taskListDaoTestSuite does not declare any static, non-private, non-final, nested classes annotated with @Configuration.
2021-06-26 00:09:00.669  INFO 544 --- [    Test worker] .b.t.c.SpringBootTestContextBootstrapper : Found @SpringBootConfiguration com.kodilla.hibernate.KodillaHibernateApplication for test class com.kodilla.hibernate.tasklist.dao.taskListDaoTestSuite
2021-06-26 00:09:00.671  INFO 544 --- [    Test worker] .b.t.c.SpringBootTestContextBootstrapper : Loaded default TestExecutionListener class names from location [META-INF/spring.factories]: [org.springframework.boot.test.autoconfigure.restdocs.RestDocsTestExecutionListener, org.springframework.boot.test.autoconfigure.web.client.MockRestServiceServerResetTestExecutionListener, org.springframework.boot.test.autoconfigure.web.servlet.MockMvcPrintOnlyOnFailureTestExecutionListener, org.springframework.boot.test.autoconfigure.web.servlet.WebDriverTestExecutionListener, org.springframework.boot.test.autoconfigure.webservices.client.MockWebServiceServerTestExecutionListener, org.springframework.boot.test.mock.mockito.MockitoTestExecutionListener, org.springframework.boot.test.mock.mockito.ResetMocksTestExecutionListener, org.springframework.test.context.web.ServletTestExecutionListener, org.springframework.test.context.support.DirtiesContextBeforeModesTestExecutionListener, org.springframework.test.context.event.ApplicationEventsTestExecutionListener, org.springframework.test.context.support.DependencyInjectionTestExecutionListener, org.springframework.test.context.support.DirtiesContextTestExecutionListener, org.springframework.test.context.transaction.TransactionalTestExecutionListener, org.springframework.test.context.jdbc.SqlScriptsTestExecutionListener, org.springframework.test.context.event.EventPublishingTestExecutionListener]
2021-06-26 00:09:00.672  INFO 544 --- [    Test worker] .b.t.c.SpringBootTestContextBootstrapper : Using TestExecutionListeners: [org.springframework.test.context.support.DirtiesContextBeforeModesTestExecutionListener@1e925043, org.springframework.test.context.event.ApplicationEventsTestExecutionListener@3c4be78a, org.springframework.boot.test.mock.mockito.MockitoTestExecutionListener@29b812c1, org.springframework.boot.test.autoconfigure.SpringBootDependencyInjectionTestExecutionListener@449c5bee, org.springframework.test.context.support.DirtiesContextTestExecutionListener@48801b76, org.springframework.test.context.transaction.TransactionalTestExecutionListener@2b14c25b, org.springframework.test.context.jdbc.SqlScriptsTestExecutionListener@4253f3e2, org.springframework.test.context.event.EventPublishingTestExecutionListener@6436936d, org.springframework.boot.test.autoconfigure.restdocs.RestDocsTestExecutionListener@2ca56f36, org.springframework.boot.test.autoconfigure.web.client.MockRestServiceServerResetTestExecutionListener@212e66e3, org.springframework.boot.test.autoconfigure.web.servlet.MockMvcPrintOnlyOnFailureTestExecutionListener@7c3f4dc7, org.springframework.boot.test.autoconfigure.web.servlet.WebDriverTestExecutionListener@2c4204d6, org.springframework.boot.test.autoconfigure.webservices.client.MockWebServiceServerTestExecutionListener@2b1902b7, org.springframework.boot.test.mock.mockito.ResetMocksTestExecutionListener@79527049]
Hibernate: select next_val as id_val from hibernate_sequence for update
Hibernate: update hibernate_sequence set next_val= ? where next_val=?
Hibernate: insert into tasklists (description, listname, id) values (?, ?, ?)
Hibernate: select tasklist0_.id as id1_0_, tasklist0_.description as descript2_0_, tasklist0_.listname as listname3_0_ from tasklists tasklist0_ where tasklist0_.listname=?
Hibernate: select tasklist0_.id as id1_0_0_, tasklist0_.description as descript2_0_0_, tasklist0_.listname as listname3_0_0_ from tasklists tasklist0_ where tasklist0_.id=?
Hibernate: delete from tasklists where id=?
]]></system-out>
  <system-err><![CDATA[]]></system-err>
</testsuite>
