<?xml version="1.0" encoding="UTF-8"?>
<testsuite name="com.kodilla.patterns.builder.pizza.PizzaTestSuite" tests="1" skipped="0" failures="0" errors="0" timestamp="2021-06-27T08:49:01" hostname="DESKTOP-I1NTMC4" time="0.013">
  <properties/>
  <testcase name="testPizzaNew()" classname="com.kodilla.patterns.builder.pizza.PizzaTestSuite" time="0.013"/>
  <system-out><![CDATA[Pizza{bottom='Thin', sauce='Spicy', ingredients=[Onion, Ham, Mushrooms]}
]]></system-out>
  <system-err><![CDATA[]]></system-err>
</testsuite>
