<?xml version="1.0" encoding="UTF-8"?>
<testsuite name="com.kodilla.patterns.singleton.LoggerTestSuite" tests="1" skipped="0" failures="0" errors="0" timestamp="2021-06-27T08:35:18" hostname="DESKTOP-I1NTMC4" time="0.0">
  <properties/>
  <testcase name="testGetLastLog()" classname="com.kodilla.patterns.singleton.LoggerTestSuite" time="0.0"/>
  <system-out><![CDATA[Log: [Test of logger]
]]></system-out>
  <system-err><![CDATA[]]></system-err>
</testsuite>
