<?xml version="1.0" encoding="UTF-8"?>
<testsuite name="com.kodilla.patterns.singleton.SettingFileEngineTestSuite" tests="3" skipped="0" failures="0" errors="0" timestamp="2021-09-23T18:37:38" hostname="DESKTOP-I1NTMC4" time="0.004">
  <properties/>
  <testcase name="testSaveSettings()" classname="com.kodilla.patterns.singleton.SettingFileEngineTestSuite" time="0.001"/>
  <testcase name="testLoadSettings()" classname="com.kodilla.patterns.singleton.SettingFileEngineTestSuite" time="0.001"/>
  <testcase name="testGetFile()" classname="com.kodilla.patterns.singleton.SettingFileEngineTestSuite" time="0.002"/>
  <system-out><![CDATA[Opening the settings file
Save settings to file
Loading settings from file
Opened file: myapp.settings
Closing the settings file
]]></system-out>
  <system-err><![CDATA[]]></system-err>
</testsuite>
