<?xml version="1.0" encoding="UTF-8"?>
<testsuite name="com.kodilla.patterns.prototype.library.LibraryTestSuite" tests="1" skipped="0" failures="0" errors="0" timestamp="2021-09-23T18:13:30" hostname="DESKTOP-I1NTMC4" time="0.008">
  <properties/>
  <testcase name="testGetBooks()" classname="com.kodilla.patterns.prototype.library.LibraryTestSuite" time="0.008"/>
  <system-out><![CDATA[Library [Main Cracow Library]
Book: Harry Potter...  ---Author:J.K.Rowling  ---Date Of Publication: 1997-06-26
Book: Lords of the ring  ---Author:J.R.R.Tolkien  ---Date Of Publication: 1954-07-29

Library [Main Warsaw Library]
Book: Harry Potter...  ---Author:J.K.Rowling  ---Date Of Publication: 1997-06-26
Book: Lords of the ring  ---Author:J.R.R.Tolkien  ---Date Of Publication: 1954-07-29

Library [Main Katowice Library]
Book: Hobbit  ---Author:J.R.R.Tolkien  ---Date Of Publication: 1937-09-21
Book: Lords of the ring  ---Author:J.R.R.Tolkien  ---Date Of Publication: 1954-07-29
Book: Harry Potter...  ---Author:J.K.Rowling  ---Date Of Publication: 1997-06-26

]]></system-out>
  <system-err><![CDATA[]]></system-err>
</testsuite>
