<?xml version="1.0" encoding="UTF-8"?>
<testsuite name="com.kodilla.patterns.builder.bigmac.BigMacTestSuite" tests="1" skipped="0" failures="0" errors="0" timestamp="2021-06-25T22:09:03" hostname="DESKTOP-I1NTMC4" time="0.046">
  <properties/>
  <testcase name="testBigMacBuilder()" classname="com.kodilla.patterns.builder.bigmac.BigMacTestSuite" time="0.046"/>
  <system-out><![CDATA[Your BigMac{bun='SESAME', burgers=2, sauce='BARBECUE', ingredients=[ONION, MUSHROOMS, PRAWNS]}
]]></system-out>
  <system-err><![CDATA[]]></system-err>
</testsuite>
