<?xml version="1.0" encoding="UTF-8"?>
<testsuite name="com.kodilla.patterns.prototype.BoardTestSuite" tests="1" skipped="0" failures="0" errors="0" timestamp="2021-06-25T08:11:01" hostname="DESKTOP-I1NTMC4" time="0.025">
  <properties/>
  <testcase name="testToString()" classname="com.kodilla.patterns.prototype.BoardTestSuite" time="0.025"/>
  <system-out><![CDATA[Board [Project number 1]
   List [In Progress Tasks]
      Task [In Progress Task number : 1]
      Task [In Progress Task number : 2]
      Task [In Progress Task number : 3]
      Task [In Progress Task number : 4]
      Task [In Progress Task number : 5]
      Task [In Progress Task number : 6]
      Task [In Progress Task number : 7]
      Task [In Progress Task number : 8]
      Task [In Progress Task number : 9]
      Task [In Progress Task number : 10]
   List [Done Tasks]
      Task [Done Tasks number: 1]
      Task [Done Tasks number: 2]
      Task [Done Tasks number: 3]
      Task [Done Tasks number: 4]
      Task [Done Tasks number: 5]
      Task [Done Tasks number: 6]
      Task [Done Tasks number: 7]
      Task [Done Tasks number: 8]
      Task [Done Tasks number: 9]
      Task [Done Tasks number: 10]

Board [Project number 2]
   List [In Progress Tasks]
      Task [In Progress Task number : 1]
      Task [In Progress Task number : 2]
      Task [In Progress Task number : 3]
      Task [In Progress Task number : 4]
      Task [In Progress Task number : 5]
      Task [In Progress Task number : 6]
      Task [In Progress Task number : 7]
      Task [In Progress Task number : 8]
      Task [In Progress Task number : 9]
      Task [In Progress Task number : 10]
   List [Done Tasks]
      Task [Done Tasks number: 1]
      Task [Done Tasks number: 2]
      Task [Done Tasks number: 3]
      Task [Done Tasks number: 4]
      Task [Done Tasks number: 5]
      Task [Done Tasks number: 6]
      Task [Done Tasks number: 7]
      Task [Done Tasks number: 8]
      Task [Done Tasks number: 9]
      Task [Done Tasks number: 10]

Board [Project number 3]
   List [To Do Tasks]
      Task [Task to do number1]
      Task [Task to do number2]
      Task [Task to do number3]
      Task [Task to do number4]
      Task [Task to do number5]
      Task [Task to do number6]
      Task [Task to do number7]
      Task [Task to do number8]
      Task [Task to do number9]
      Task [Task to do number10]
   List [In Progress Tasks]
      Task [In Progress Task number : 1]
      Task [In Progress Task number : 2]
      Task [In Progress Task number : 3]
      Task [In Progress Task number : 4]
      Task [In Progress Task number : 5]
      Task [In Progress Task number : 6]
      Task [In Progress Task number : 7]
      Task [In Progress Task number : 8]
      Task [In Progress Task number : 9]
      Task [In Progress Task number : 10]
   List [Done Tasks]
      Task [Done Tasks number: 1]
      Task [Done Tasks number: 2]
      Task [Done Tasks number: 3]
      Task [Done Tasks number: 4]
      Task [Done Tasks number: 5]
      Task [Done Tasks number: 6]
      Task [Done Tasks number: 7]
      Task [Done Tasks number: 8]
      Task [Done Tasks number: 9]
      Task [Done Tasks number: 10]

]]></system-out>
  <system-err><![CDATA[]]></system-err>
</testsuite>
